2024-05-02 13:56:36,293 INFO  [default] My first info log using default logger
2024-05-02 14:23:37,877 INFO  [default] My first info log using default logger
2024-05-02 14:23:37,878 INFO  [default] Dummy: 0
2024-05-02 14:27:19,772 INFO  [default] My first info log using default logger
2024-05-02 14:27:19,772 INFO  [default] Dummy: 0
2024-05-02 14:29:09,799 INFO  [default] My first info log using default logger
2024-05-02 14:29:09,799 INFO  [default] Dummy: 0
2024-05-02 14:36:51,910 INFO  [default] My first info log using default logger
2024-05-02 14:36:51,913 INFO  [default] Dummy: 0
2024-05-02 14:36:51,913 INFO  [default] Dummy: {inputs:4, outputs:4, iterations:1}
2024-05-02 15:13:03,385 INFO  [default] Launch of generation.
2024-05-02 15:13:03,386 INFO  [default] GenerationParameters: {inputs:4, outputs:4, iterations:1}
2024-05-02 15:13:03,386 INFO  [default] DataBaseGeneratorParameters: {minInputs: 4, maxInputs: 5, minOutputs: 4, maxOutputs: 5, eachIteration: 1, generationParameters: {inputs:4, outputs:4, iterations:1}}
2024-05-02 15:14:39,025 INFO  [default] Launch of generation.
2024-05-02 15:14:39,025 INFO  [default] GenerationParameters: { inputs: 4, outputs: 4, iterations: 1 }
2024-05-02 15:14:39,025 INFO  [default] DataBaseGeneratorParameters: { minInputs: 4, maxInputs: 5, minOutputs: 4, maxOutputs: 5, eachIteration: 1, generationParameters: { inputs: 4, outputs: 4, iterations: 1 } }
2024-05-02 15:43:13,416 INFO  [default] Launch of generation.
2024-05-02 15:43:13,419 INFO  [default] GenerationParameters: { inputs: 4, outputs: 4, iterations: 1 }
2024-05-02 15:43:13,419 INFO  [default] DataBaseGeneratorParameters: { minInputs: 4, maxInputs: 5, minOutputs: 4, maxOutputs: 5, eachIteration: 1, generationParameters: { inputs: 4, outputs: 4, iterations: 1 } }
2024-05-02 15:45:38,978 INFO  [default] Launch of generation.
2024-05-02 15:45:38,979 INFO  [default] GenerationParameters: { inputs: 4, outputs: 4, iterations: 1 }
2024-05-02 15:45:38,979 INFO  [default] DataBaseGeneratorParameters: { minInputs: 4, maxInputs: 5, minOutputs: 4, maxOutputs: 5, eachIteration: 1, generationParameters: { inputs: 4, outputs: 4, iterations: 1 } }
2024-05-02 15:48:27,521 INFO  [default] Launch of generation.
2024-05-02 15:48:27,523 INFO  [default] GenerationParameters: { inputs: 4, outputs: 4, iterations: 1 }
2024-05-02 15:48:27,523 INFO  [default] DataBaseGeneratorParameters: { minInputs: 4, maxInputs: 5, minOutputs: 4, maxOutputs: 5, eachIteration: 1, generationParameters: { inputs: 4, outputs: 4, iterations: 1 } }
2024-05-02 15:50:06,457 INFO  [default] Launch of generation.
2024-05-02 15:50:06,459 INFO  [default] GenerationParameters: { inputs: 4, outputs: 4, iterations: 1 }
2024-05-02 15:50:06,459 INFO  [default] DataBaseGeneratorParameters: { minInputs: 4, maxInputs: 5, minOutputs: 4, maxOutputs: 5, eachIteration: 1, generationParameters: { inputs: 4, outputs: 4, iterations: 1 } }
